<?xml version="1.0" encoding="UTF-8"?>
<!-- Generated by org.testng.reporters.JUnitReportReporter -->
<testsuite hostname="DESKTOP-VBSNDLQ" failures="0" tests="2" name="TestNGFlowcheck" time="0.003" errors="0" timestamp="2023-04-02T12:06:26 IST" skipped="0">
  <testcase classname="TestNGFlowcheck" name="testcase2" time="0.001"/>
  <system-out/>
  <testcase classname="TestNGFlowcheck" name="testcase1" time="0.002"/>
  <system-out/>
</testsuite> <!-- TestNGFlowcheck -->
