<?xml version="1.0" encoding="UTF-8"?>
<!-- Generated by org.testng.reporters.JUnitReportReporter -->
<testsuite hostname="DESKTOP-VBSNDLQ" failures="0" tests="11" name="TestNG_Practice" time="0.022" errors="0" timestamp="2023-04-02T12:06:26 IST" skipped="1">
  <testcase classname="TestNG_Practice" name="googleTest" time="0.006"/>
  <system-out/>
  <testcase classname="TestNG_Practice" name="homePage" time="0.001"/>
  <system-out/>
  <testcase classname="TestNG_Practice" name="m1" time="0.001"/>
  <system-out/>
  <testcase classname="TestNG_Practice" name="login" time="0.005"/>
  <system-out/>
  <testcase classname="TestNG_Practice" name="payment" time="0.001"/>
  <system-out/>
  <testcase classname="TestNG_Practice" name="registration" time="0.001"/>
  <system-out/>
  <testcase classname="TestNG_Practice" name="testcase4" time="0.002"/>
  <system-out/>
  <testcase classname="TestNG_Practice" name="testcase2" time="0.001"/>
  <system-out/>
  <testcase classname="TestNG_Practice" name="testcase1" time="0.001"/>
  <system-out/>
  <testcase classname="TestNG_Practice" name="testcase3" time="0.003"/>
  <system-out/>
  <testcase classname="TestNG_Practice" name="flipkartTest">
    <skipped/>
  </testcase> <!-- flipkartTest -->
  <system-out/>
</testsuite> <!-- TestNG_Practice -->
